<?xml version="1.0" encoding="UTF-8"?>
<testng-results skipped="0" failed="1" total="2" passed="1">
  <reporter-output>
  </reporter-output>
  <suite name="TestGroup1" duration-ms="22913" started-at="2017-10-01T04:13:15Z" finished-at="2017-10-01T04:13:38Z">
    <groups>
      <group name="group1">
        <method signature="SearchHelpTopics3.searchHelpTopics3()[pri:0, instance:scripts.SearchHelpTopics3@7dc36524]" name="searchHelpTopics3" class="scripts.SearchHelpTopics3"/>
        <method signature="SearchHelpTopics5.searchHelpTopics5()[pri:0, instance:scripts.SearchHelpTopics5@4563e9ab]" name="searchHelpTopics5" class="scripts.SearchHelpTopics5"/>
      </group> <!-- group1 -->
    </groups>
    <test name="Group1" duration-ms="22913" started-at="2017-10-01T04:13:15Z" finished-at="2017-10-01T04:13:38Z">
      <class name="scripts.SearchHelpTopics5">
        <test-method status="PASS" signature="setup(java.lang.String)[pri:0, instance:scripts.SearchHelpTopics5@4563e9ab]" name="setup" is-config="true" duration-ms="9201" started-at="2017-10-01T00:13:15Z" finished-at="2017-10-01T00:13:24Z">
          <params>
            <param index="0">
              <value>
                <![CDATA[firefox]]>
              </value>
            </param>
          </params>
          <reporter-output>
          </reporter-output>
        </test-method> <!-- setup -->
        <test-method status="FAIL" signature="searchHelpTopics5()[pri:0, instance:scripts.SearchHelpTopics5@4563e9ab]" name="searchHelpTopics5" duration-ms="11486" started-at="2017-10-01T00:13:24Z" finished-at="2017-10-01T00:13:35Z">
          <exception class="java.lang.AssertionError">
            <message>
              <![CDATA[expected [true] but found [false]]]>
            </message>
            <full-stacktrace>
              <![CDATA[java.lang.AssertionError: expected [true] but found [false]
	at org.testng.Assert.fail(Assert.java:94)
	at org.testng.Assert.failNotEquals(Assert.java:494)
	at org.testng.Assert.assertTrue(Assert.java:42)
	at org.testng.Assert.assertTrue(Assert.java:52)
	at scripts.SearchHelpTopics5.searchHelpTopics5(SearchHelpTopics5.java:30)
	at sun.reflect.NativeMethodAccessorImpl.invoke0(Native Method)
	at sun.reflect.NativeMethodAccessorImpl.invoke(NativeMethodAccessorImpl.java:62)
	at sun.reflect.DelegatingMethodAccessorImpl.invoke(DelegatingMethodAccessorImpl.java:43)
	at java.lang.reflect.Method.invoke(Method.java:497)
	at org.testng.internal.MethodInvocationHelper.invokeMethod(MethodInvocationHelper.java:85)
	at org.testng.internal.Invoker.invokeMethod(Invoker.java:696)
	at org.testng.internal.Invoker.invokeTestMethod(Invoker.java:882)
	at org.testng.internal.Invoker.invokeTestMethods(Invoker.java:1189)
	at org.testng.internal.TestMethodWorker.invokeTestMethods(TestMethodWorker.java:124)
	at org.testng.internal.TestMethodWorker.run(TestMethodWorker.java:108)
	at java.util.concurrent.ThreadPoolExecutor.runWorker(ThreadPoolExecutor.java:1142)
	at java.util.concurrent.ThreadPoolExecutor$Worker.run(ThreadPoolExecutor.java:617)
	at java.lang.Thread.run(Thread.java:745)
]]>
            </full-stacktrace>
          </exception> <!-- java.lang.AssertionError -->
          <reporter-output>
          </reporter-output>
        </test-method> <!-- searchHelpTopics5 -->
        <test-method status="PASS" signature="takeScreenShot(org.testng.ITestResult)[pri:0, instance:scripts.SearchHelpTopics5@4563e9ab]" name="takeScreenShot" is-config="true" duration-ms="2201" started-at="2017-10-01T00:13:35Z" finished-at="2017-10-01T00:13:38Z">
          <params>
            <param index="0">
              <value>
                <![CDATA[[TestResult name=searchHelpTopics5 status=FAILURE method=SearchHelpTopics5.searchHelpTopics5()[pri:0, instance:scripts.SearchHelpTopics5@4563e9ab] output={null}]]]>
              </value>
            </param>
          </params>
          <reporter-output>
          </reporter-output>
        </test-method> <!-- takeScreenShot -->
      </class> <!-- scripts.SearchHelpTopics5 -->
      <class name="scripts.SearchHelpTopics3">
        <test-method status="PASS" signature="setup(java.lang.String)[pri:0, instance:scripts.SearchHelpTopics3@7dc36524]" name="setup" is-config="true" duration-ms="9206" started-at="2017-10-01T00:13:15Z" finished-at="2017-10-01T00:13:24Z">
          <params>
            <param index="0">
              <value>
                <![CDATA[firefox]]>
              </value>
            </param>
          </params>
          <reporter-output>
          </reporter-output>
        </test-method> <!-- setup -->
        <test-method status="PASS" signature="searchHelpTopics3()[pri:0, instance:scripts.SearchHelpTopics3@7dc36524]" name="searchHelpTopics3" duration-ms="11481" started-at="2017-10-01T00:13:24Z" finished-at="2017-10-01T00:13:35Z">
          <reporter-output>
          </reporter-output>
        </test-method> <!-- searchHelpTopics3 -->
        <test-method status="PASS" signature="takeScreenShot(org.testng.ITestResult)[pri:0, instance:scripts.SearchHelpTopics3@7dc36524]" name="takeScreenShot" is-config="true" duration-ms="2203" started-at="2017-10-01T00:13:35Z" finished-at="2017-10-01T00:13:38Z">
          <params>
            <param index="0">
              <value>
                <![CDATA[[TestResult name=searchHelpTopics3 status=SUCCESS method=SearchHelpTopics3.searchHelpTopics3()[pri:0, instance:scripts.SearchHelpTopics3@7dc36524] output={null}]]]>
              </value>
            </param>
          </params>
          <reporter-output>
          </reporter-output>
        </test-method> <!-- takeScreenShot -->
      </class> <!-- scripts.SearchHelpTopics3 -->
    </test> <!-- Group1 -->
  </suite> <!-- TestGroup1 -->
</testng-results>
